<?xml version="1.0" encoding="UTF-8"?>
<!-- Generated by org.testng.reporters.JUnitReportReporter -->
<testsuite skipped="0" hostname="BLT016" name="com.cts.tests.ExploreTest" tests="1" failures="0" timestamp="12 Mar 2020 08:12:46 GMT" time="81.102" errors="0">
  <testcase name="exploreCruisesToAlaskaTest" time="81.102" classname="com.cts.tests.ExploreTest"/>
</testsuite> <!-- com.cts.tests.ExploreTest -->
